Server Crash Report
===================

RunUO Version 2.1, Build 4272.35047
Operating System: Microsoft Windows NT 6.2.9200.0
.NET Framework: 2.0.50727.8937
Time: 11/30/2018 4:41:47 PM
Mobiles: 1375
Items: 14203
Exception:
System.MissingMethodException: Constructor on type 'Server.Items.BagOfSugarRecipe' not found.
   at System.RuntimeType.CreateInstanceImpl(BindingFlags bindingAttr, Binder binder, Object[] args, CultureInfo culture, Object[] activationAttributes)
   at Server.Mobiles.GenericBuyInfo.GetEntity()
   at Server.Mobiles.GenericBuyInfo.GetDisplayEntity()
   at Server.Mobiles.BaseVendor.VendorBuy(Mobile from)
   at Server.Network.PacketHandlers.ContextMenuResponse(NetState state, PacketReader pvSrc)
   at Server.Network.PacketHandlers.ExtendedCommand(NetState state, PacketReader pvSrc)
   at Server.Network.MessagePump.HandleReceive(NetState ns)
   at Server.Network.MessagePump.Slice()
   at Server.Core.Main(String[] args)

Clients:
- Count: 1
+ 71.208.10.79: (account = Zigholtul88) (mobile = 0x109 'dudette')
