Server Crash Report
===================

RunUO Version 2.1, Build 4272.35047
Operating System: Microsoft Windows NT 6.2.9200.0
.NET Framework: 2.0.50727.8936
Time: 10/25/2018 9:57:33 AM
Mobiles: 2066
Items: 18385
Exception:
System.NullReferenceException: Object reference not set to an instance of an object.
   at Server.Mobiles.Miasma.AggressiveAction(Mobile aggressor, Boolean criminal)
   at Server.Mobile.DoHarmful(Mobile target, Boolean indirect)
   at Server.Mobiles.BaseCreature.DoHarmful(Mobile target, Boolean indirect)
   at Server.Mobile.set_Combatant(Mobile value)
   at Server.Mobiles.OmniAI.DoActionWander()
   at Server.Mobiles.OmniAI.Think()
   at Server.Mobiles.BaseAI.DoOrderAttack()
   at Server.Mobiles.BaseAI.AITimer.OnTick()
   at Server.Timer.Slice()
   at Server.Core.Main(String[] args)

Clients:
- Count: 1
+ 71.208.8.50: (account = Zigholtul88) (mobile = 0x1 'Zigholtul')
