Server Crash Report
===================

RunUO Version 2.1, Build 6910.6664
Operating System: Microsoft Windows NT 6.2.9200.0
.NET Framework: 2.0.50727.8937
Time: 12/4/2018 5:05:28 AM
Mobiles: 1285
Items: 14723
Exception:
System.ArgumentOutOfRangeException: Length cannot be less than zero.
Parameter name: length
   at System.String.InternalSubStringWithChecks(Int32 startIndex, Int32 length, Boolean fAlwaysCopy)
   at Server.Commands.DecorationList.Read(StreamReader ip)
   at Server.Commands.DecorationList.ReadAll(String path)
   at Server.Commands.Decorate.Generate(String folder, Map[] maps)
   at Server.Commands.Decorate.Decorate_OnCommand(CommandEventArgs e)
   at Server.Commands.CommandSystem.Handle(Mobile from, String text, MessageType type)
   at Server.Gumps.AdminGump.InvokeCommand(String c)
   at Server.Gumps.AdminGump.OnResponse(NetState sender, RelayInfo info)
   at Server.Network.PacketHandlers.DisplayGumpResponse(NetState state, PacketReader pvSrc)
   at Server.Network.MessagePump.HandleReceive(NetState ns)
   at Server.Network.MessagePump.Slice()
   at Server.Core.Main(String[] args)

Clients:
- Count: 1
+ 71.208.10.79: (account = Zigholtul88) (mobile = 0x109 'dude')
