Server Crash Report
===================

RunUO Version 2.1, Build 4272.35047
Operating System: Microsoft Windows NT 6.2.9200.0
.NET Framework: 2.0.50727.8922
Time: 7/8/2018 12:32:59 PM
Mobiles: 2134
Items: 18151
Exception:
System.NullReferenceException: Object reference not set to an instance of an object.
   at Server.Items.BaseWeapon.get_PhysicalResistance()
   at Server.Item.AddResistanceProperties(ObjectPropertyList list)
   at Server.Items.BaseWeapon.GetProperties(ObjectPropertyList list)
   at Server.Item.get_PropertyList()
   at Server.Item.InvalidateProperties()
   at Server.Item.set_Map(Map value)
   at Server.Item.AddItem(Item item)
   at Server.Items.Container.DropItem(Item dropped)
   at Server.Items.CrafterClassGate.OnMoveOver(Mobile m)
   at Server.Mobile.Move(Direction d)
   at Server.Mobiles.PlayerMobile.Move(Direction d)
   at Server.Network.PacketHandlers.MovementReq(NetState state, PacketReader pvSrc)
   at Server.Network.MessagePump.HandleReceive(NetState ns)
   at Server.Network.MessagePump.Slice()
   at Server.Core.Main(String[] args)

Clients:
- Count: 1
+ 127.0.0.1: (account = Zigholtul88) (mobile = 0x1 'Zigholtul')
