# Bad spawns : 1/4/2013 2:59:57 AM
# Format: X Y Z F Name

1164	1042	10	Malas	HammerhillPlatemailArmorer
1165	1034	10	Malas	HammerhillSpearMerchant
1163	1034	10	Malas	HammerhillAxeMerchant
1166	1046	10	Malas	HammerhillLeatherArmorer
1164	1046	10	Malas	HammerhillStuddedLeatherArmorer
1167	1042	10	Malas	HammerhillRingmailArmorer
1162	1042	11	Malas	HammerhillChainmailArmorer
1161	1034	10	Malas	HammerhillSwordMerchant


# Bad spawns : 5/6/2016 8:00:38 PM
# Format: X Y Z F Name

2263	382	0	Malas	MongbatCavernsLockedTreasureChest2
1101	1153	2	Malas	ZaythalorForestLockedTreasureChest1
2005	411	-2	Malas	MongbatCavernsLockedTreasureChest1
2305	841	19	Malas	LizardCavernsLockedTreasureChest1
2231	507	-33	Malas	MongbatCavernsLockedTreasureChest2
2195	473	-24	Malas	MongbatCavernsLockedTreasureChest2
1129	1184	3	Malas	ZaythalorForestLockedTreasureChest1
2323	995	6	Malas	RatmenUndergroundFortressLockedTreasureChest1
2325	995	6	Malas	RatmenUndergroundFortressLockedTreasureChest2
2327	995	6	Malas	RatmenUndergroundFortressLockedTreasureChest1
2001	391	-5	Malas	MongbatCavernsLockedTreasureChest1
2085	383	0	Malas	MongbatCavernsLockedTreasureChest1
2272	834	21	Malas	LizardCavernsLockedTreasureChest1
2289	745	42	Malas	LizardCavernsLockedTreasureChest1
2529	864	-9	Malas	LizardCavernsLockedTreasureChest1
1451	1109	5	Malas	ZaythalorForestLockedTreasureChest1
1005	759	-10	Malas	ZaythalorForestLockedTreasureChest1
1502	1157	5	Malas	ZaythalorForestLockedTreasureChest1
1572	1135	0	Malas	ZaythalorForestLockedTreasureChest1
1475	1040	45	Malas	ZaythalorForestLockedTreasureChest1
1327	1022	0	Malas	ZaythalorForestLockedTreasureChest1
1319	908	1	Malas	ZaythalorForestLockedTreasureChest1
1217	833	9	Malas	ZaythalorForestLockedTreasureChest1
2295	979	0	Malas	RatmenUndergroundFortressLockedTreasureChest1
2220	488	-25	Malas	MongbatCavernsLockedTreasureChest1
2469	783	-26	Malas	LizardCavernsLockedTreasureChest2
2464	777	-25	Malas	LizardCavernsLockedTreasureChest2
2497	639	23	Malas	LizardCavernsLockedTreasureChest2
2433	677	-30	Malas	LizardCavernsLockedTreasureChest2
2332	644	22	Malas	LizardCavernsLockedTreasureChest2
2527	864	-9	Malas	LizardCavernsLockedTreasureChest1
1387	1129	6	Malas	ZaythalorForestLockedTreasureChest1
594	1210	11	Malas	ZaythalorForestLockedTreasureChest1
654	1200	0	Malas	ZaythalorForestLockedTreasureChest1
818	1052	8	Malas	ZaythalorForestLockedTreasureChest1
1149	817	0	Malas	ZaythalorForestLockedTreasureChest1
983	1199	-5	Malas	ZaythalorForestLockedTreasureChest1
1132	864	0	Malas	ZaythalorForestLockedTreasureChest1
1135	857	0	Malas	ZaythalorForestLockedTreasureChest1
1139	848	0	Malas	ZaythalorForestLockedTreasureChest1
1042	1209	7	Malas	ZaythalorForestLockedTreasureChest1
1335	1004	40	Malas	ZaythalorForestLockedTreasureChest1
948	1062	9	Malas	ZaythalorForestLockedTreasureChest1
1073	1104	5	Malas	ZaythalorForestLockedTreasureChest1
1256	819	7	Malas	ZaythalorForestLockedTreasureChest1
1259	805	7	Malas	ZaythalorForestLockedTreasureChest1
989	1031	9	Malas	ZaythalorForestLockedTreasureChest1
446	1094	20	Malas	OboruJungleLockedTreasureChest1
466	1081	20	Malas	OboruJungleLockedTreasureChest1
441	1071	0	Malas	OboruJungleLockedTreasureChest1
428	1076	0	Malas	OboruJungleLockedTreasureChest1
1096	666	45	Malas	GlimmerwoodLockedTreasureChest1
1146	648	31	Malas	GlimmerwoodLockedTreasureChest1
1018	697	19	Malas	GlimmerwoodLockedTreasureChest1
1050	621	35	Malas	GlimmerwoodLockedTreasureChest1
1088	717	45	Malas	GlimmerwoodLockedTreasureChest1
944	679	27	Malas	GlimmerwoodLockedTreasureChest1
940	671	27	Malas	GlimmerwoodLockedTreasureChest1
964	600	35	Malas	GlimmerwoodLockedTreasureChest1
1130	1296	1	Malas	AlytharrRegionLockedTreasureChest1
1262	1353	6	Malas	AlytharrRegionLockedTreasureChest1
1301	1402	29	Malas	AlytharrRegionLockedTreasureChest1
1340	1415	15	Malas	AlytharrRegionLockedTreasureChest1
1086	1322	0	Malas	AlytharrRegionLockedTreasureChest1
1224	1213	2	Malas	ZaythalorForestLockedTreasureChest1
717	731	1	Malas	AlytharrRegionLockedTreasureChest1
608	742	10	Malas	AlytharrRegionLockedTreasureChest1
591	710	5	Malas	AlytharrRegionLockedTreasureChest1
625	798	44	Malas	AlytharrRegionLockedTreasureChest1
632	957	62	Malas	ZaythalorForestLockedTreasureChest1
706	1101	8	Malas	ZaythalorForestLockedTreasureChest1
2253	517	-30	Malas	MongbatCavernsLockedTreasureChest1
2203	380	5	Malas	MongbatCavernsLockedTreasureChest2
656	1074	-8	Malas	ZaythalorForestLockedTreasureChest1
1087	794	5	Malas	ZaythalorForestLockedTreasureChest1
921	808	15	Malas	ZaythalorForestLockedTreasureChest1
770	1053	22	Malas	ZaythalorForestLockedTreasureChest1
933	1099	-5	Malas	ZaythalorForestLockedTreasureChest1
2299	979	0	Malas	RatmenUndergroundFortressLockedTreasureChest1
669	912	56	Malas	ZaythalorForestLockedTreasureChest1
1017	959	0	Malas	ZaythalorForestLockedTreasureChest1
699	798	47	Malas	AlytharrRegionLockedTreasureChest1
865	1198	0	Malas	ZaythalorForestLockedTreasureChest1
1322	1187	2	Malas	ZaythalorForestLockedTreasureChest1
762	1150	0	Malas	ZaythalorForestLockedTreasureChest1


# Bad spawns : 5/6/2016 8:29:15 PM
# Format: X Y Z F Name

2263	382	0	Malas	MongbatCavernsLockedTreasureChest2
1101	1153	2	Malas	ZaythalorForestLockedTreasureChest1
2005	411	-2	Malas	MongbatCavernsLockedTreasureChest1
2305	841	19	Malas	LizardCavernsLockedTreasureChest1
2231	507	-33	Malas	MongbatCavernsLockedTreasureChest2
2195	473	-24	Malas	MongbatCavernsLockedTreasureChest2
1129	1184	3	Malas	ZaythalorForestLockedTreasureChest1
2323	995	6	Malas	RatmenUndergroundFortressLockedTreasureChest1
2325	995	6	Malas	RatmenUndergroundFortressLockedTreasureChest2
2327	995	6	Malas	RatmenUndergroundFortressLockedTreasureChest1
2001	391	-5	Malas	MongbatCavernsLockedTreasureChest1
2085	383	0	Malas	MongbatCavernsLockedTreasureChest1
2272	834	21	Malas	LizardCavernsLockedTreasureChest1
2289	745	42	Malas	LizardCavernsLockedTreasureChest1
2529	864	-9	Malas	LizardCavernsLockedTreasureChest1
1451	1109	5	Malas	ZaythalorForestLockedTreasureChest1
1005	759	-10	Malas	ZaythalorForestLockedTreasureChest1
1502	1157	5	Malas	ZaythalorForestLockedTreasureChest1
1572	1135	0	Malas	ZaythalorForestLockedTreasureChest1
1475	1040	45	Malas	ZaythalorForestLockedTreasureChest1
1327	1022	0	Malas	ZaythalorForestLockedTreasureChest1
1319	908	1	Malas	ZaythalorForestLockedTreasureChest1
1217	833	9	Malas	ZaythalorForestLockedTreasureChest1
2295	979	0	Malas	RatmenUndergroundFortressLockedTreasureChest1
2220	488	-25	Malas	MongbatCavernsLockedTreasureChest1
2469	783	-26	Malas	LizardCavernsLockedTreasureChest2
2464	777	-25	Malas	LizardCavernsLockedTreasureChest2
2497	639	23	Malas	LizardCavernsLockedTreasureChest2
2433	677	-30	Malas	LizardCavernsLockedTreasureChest2
2332	644	22	Malas	LizardCavernsLockedTreasureChest2
2527	864	-9	Malas	LizardCavernsLockedTreasureChest1
1387	1129	6	Malas	ZaythalorForestLockedTreasureChest1
594	1210	11	Malas	ZaythalorForestLockedTreasureChest1
654	1200	0	Malas	ZaythalorForestLockedTreasureChest1
818	1052	8	Malas	ZaythalorForestLockedTreasureChest1
1149	817	0	Malas	ZaythalorForestLockedTreasureChest1
983	1199	-5	Malas	ZaythalorForestLockedTreasureChest1
1132	864	0	Malas	ZaythalorForestLockedTreasureChest1
1135	857	0	Malas	ZaythalorForestLockedTreasureChest1
1139	848	0	Malas	ZaythalorForestLockedTreasureChest1
1042	1209	7	Malas	ZaythalorForestLockedTreasureChest1
1335	1004	40	Malas	ZaythalorForestLockedTreasureChest1
948	1062	9	Malas	ZaythalorForestLockedTreasureChest1
1073	1104	5	Malas	ZaythalorForestLockedTreasureChest1
1256	819	7	Malas	ZaythalorForestLockedTreasureChest1
1259	805	7	Malas	ZaythalorForestLockedTreasureChest1
989	1031	9	Malas	ZaythalorForestLockedTreasureChest1
446	1094	20	Malas	OboruJungleLockedTreasureChest1
466	1081	20	Malas	OboruJungleLockedTreasureChest1
441	1071	0	Malas	OboruJungleLockedTreasureChest1
428	1076	0	Malas	OboruJungleLockedTreasureChest1
1096	666	45	Malas	GlimmerwoodLockedTreasureChest1
1146	648	31	Malas	GlimmerwoodLockedTreasureChest1
1018	697	19	Malas	GlimmerwoodLockedTreasureChest1
1050	621	35	Malas	GlimmerwoodLockedTreasureChest1
1088	717	45	Malas	GlimmerwoodLockedTreasureChest1
944	679	27	Malas	GlimmerwoodLockedTreasureChest1
940	671	27	Malas	GlimmerwoodLockedTreasureChest1
964	600	35	Malas	GlimmerwoodLockedTreasureChest1
1130	1296	1	Malas	AlytharrRegionLockedTreasureChest1
1262	1353	6	Malas	AlytharrRegionLockedTreasureChest1
1301	1402	29	Malas	AlytharrRegionLockedTreasureChest1
1340	1415	15	Malas	AlytharrRegionLockedTreasureChest1
1086	1322	0	Malas	AlytharrRegionLockedTreasureChest1
1224	1213	2	Malas	ZaythalorForestLockedTreasureChest1
717	731	1	Malas	AlytharrRegionLockedTreasureChest1
608	742	10	Malas	AlytharrRegionLockedTreasureChest1
591	710	5	Malas	AlytharrRegionLockedTreasureChest1
625	798	44	Malas	AlytharrRegionLockedTreasureChest1
632	957	62	Malas	ZaythalorForestLockedTreasureChest1
706	1101	8	Malas	ZaythalorForestLockedTreasureChest1
2253	517	-30	Malas	MongbatCavernsLockedTreasureChest1
2203	380	5	Malas	MongbatCavernsLockedTreasureChest2
656	1074	-8	Malas	ZaythalorForestLockedTreasureChest1
1087	794	5	Malas	ZaythalorForestLockedTreasureChest1
921	808	15	Malas	ZaythalorForestLockedTreasureChest1
770	1053	22	Malas	ZaythalorForestLockedTreasureChest1
933	1099	-5	Malas	ZaythalorForestLockedTreasureChest1
2299	979	0	Malas	RatmenUndergroundFortressLockedTreasureChest1
669	912	56	Malas	ZaythalorForestLockedTreasureChest1
1017	959	0	Malas	ZaythalorForestLockedTreasureChest1
699	798	47	Malas	AlytharrRegionLockedTreasureChest1
865	1198	0	Malas	ZaythalorForestLockedTreasureChest1
1322	1187	2	Malas	ZaythalorForestLockedTreasureChest1
762	1150	0	Malas	ZaythalorForestLockedTreasureChest1


# Bad spawns : 3/9/2017 10:52:09 AM
# Format: X Y Z F Name

1495	483	0	Malas	Spawn=Garlic


# Bad spawns : 3/9/2017 11:20:49 AM
# Format: X Y Z F Name

1495	483	0	Malas	Spawn=Garlic


# Bad spawns : 3/9/2017 11:22:41 AM
# Format: X Y Z F Name

1495	483	0	Malas	Spawn=Garlic


# Bad spawns : 11/6/2017 7:36:56 AM
# Format: X Y Z F Name

5760	148	-4	Felucca	IceCrustedBloatedSpider
5731	176	-5	Felucca	IceCrustedBloatedSpider
5672	176	-6	Felucca	IceDungeonLostTraveler
5704	168	-5	Felucca	IceDungeonLostTraveler
2527	864	-9	Malas	LizardCavernsTreasureChest1
2529	864	-9	Malas	LizardCavernsTreasureChest1
2289	745	42	Malas	LizardCavernsTreasureChest1
2305	841	19	Malas	LizardCavernsTreasureChest1
2339	798	26	Malas	LizardCavernsTreasureChest1
2272	834	21	Malas	LizardCavernsTreasureChest1
2274	819	32	Malas	LizardCavernsTreasureChest1
2332	644	22	Malas	LizardCavernsTreasureChest2
2433	677	-30	Malas	LizardCavernsTreasureChest2
2497	639	23	Malas	LizardCavernsTreasureChest2
2396	1329	-10	Malas	GoblinFortressTreasureChest2
2404	1308	-20	Malas	GoblinFortressTreasureChest2
2271	1310	6	Malas	DawnOfANewWorldC1
2469	783	-26	Malas	LizardCavernsTreasureChest2
2464	777	-25	Malas	LizardCavernsTreasureChest2
2468	778	-25	Malas	LizardCavernsBossChest
2416	1311	-20	Malas	GoblinFortressBossChest
606	1192	0	Malas	GiantIronBeetle
600	1214	5	Malas	GiantIronBeetle
652	1169	0	Malas	GiantIronBeetle
2284	1336	0	Malas	GoblinFortressTreasureChest1
2202	476	-25	Malas	MongbatCavernsBossChest
2231	507	-33	Malas	MongbatCavernsTreasureChest2
2195	473	-24	Malas	MongbatCavernsTreasureChest2
2263	382	0	Malas	MongbatCavernsTreasureChest2
2203	380	5	Malas	MongbatCavernsTreasureChest2
2253	517	-30	Malas	MongbatCavernsTreasureChest1
2220	488	-25	Malas	MongbatCavernsTreasureChest1
2001	391	-5	Malas	MongbatCavernsTreasureChest1
2005	411	-2	Malas	MongbatCavernsTreasureChest1
2085	383	0	Malas	MongbatCavernsTreasureChest1


# Bad spawns : 11/6/2017 7:46:47 AM
# Format: X Y Z F Name

5760	148	-4	Felucca	IceCrustedBloatedSpider
5731	176	-5	Felucca	IceCrustedBloatedSpider
5672	176	-6	Felucca	IceDungeonLostTraveler
5704	168	-5	Felucca	IceDungeonLostTraveler


# Bad spawns : 10/3/2018 8:01:05 AM
# Format: X Y Z F Name

1739	1926	41	Malas	PewterBowlOfCarrot
1739	1926	41	Malas	PewterBowlOfPotatoes


# Bad spawns : 10/3/2018 8:20:28 AM
# Format: X Y Z F Name

1739	1926	41	Malas	PewterBowlOfCarrot
1739	1926	41	Malas	PewterBowlOfPotatoes


# Bad spawns : 10/3/2018 8:37:57 AM
# Format: X Y Z F Name

1739	1926	41	Malas	PewterBowlOfCarrot
1739	1926	41	Malas	PewterBowlOfPotatoes


# Bad spawns : 10/3/2018 8:47:42 AM
# Format: X Y Z F Name

1739	1926	41	Malas	PewterBowlOfCarrot
1739	1926	41	Malas	PewterBowlOfPotatoes


# Bad spawns : 10/3/2018 9:02:09 AM
# Format: X Y Z F Name

1739	1926	41	Malas	PewterBowlOfCarrot
1739	1926	41	Malas	PewterBowlOfPotatoes


# Bad spawns : 10/3/2018 9:59:21 AM
# Format: X Y Z F Name

1739	1926	41	Malas	PewterBowlOfCarrot
1739	1926	41	Malas	PewterBowlOfPotatoes


# Bad spawns : 10/4/2018 1:18:23 AM
# Format: X Y Z F Name

1739	1926	41	Malas	PewterBowlOfCarrot
1739	1926	41	Malas	PewterBowlOfPotatoes


# Bad spawns : 10/4/2018 1:23:47 AM
# Format: X Y Z F Name

1739	1926	41	Malas	PewterBowlOfCarrot
1739	1926	41	Malas	PewterBowlOfPotatoes


# Bad spawns : 10/4/2018 1:29:01 AM
# Format: X Y Z F Name

1739	1926	41	Malas	PewterBowlOfCarrot
1739	1926	41	Malas	PewterBowlOfPotatoes


# Bad spawns : 10/4/2018 1:40:50 AM
# Format: X Y Z F Name

1739	1926	41	Malas	PewterBowlOfCarrot
1739	1926	41	Malas	PewterBowlOfPotatoes


# Bad spawns : 9/19/2019 10:56:20 PM
# Format: X Y Z F Name

1486	1706	0	Trammel	Evan
1362	1622	50	Trammel	Regina
1447	1664	10	Trammel	Emilio
3675	1322	20	Trammel	Thalia
2467	402	15	Trammel	Ben
2415	887	0	Trammel	Frederic
2918	851	0	Trammel	Leon
2531	581	0	Trammel	Andros


# Bad spawns : 9/19/2019 11:27:33 PM
# Format: X Y Z F Name

1486	1706	0	Trammel	Evan
1362	1622	50	Trammel	Regina
1447	1664	10	Trammel	Emilio
3675	1322	20	Trammel	Thalia
2467	402	15	Trammel	Ben
2415	887	0	Trammel	Frederic
2918	851	0	Trammel	Leon
2531	581	0	Trammel	Andros


# Bad spawns : 9/20/2019 3:09:42 AM
# Format: X Y Z F Name

1486	1706	0	Trammel	Evan
1362	1622	50	Trammel	Regina
1447	1664	10	Trammel	Emilio
3675	1322	20	Trammel	Thalia
2467	402	15	Trammel	Ben
2415	887	0	Trammel	Frederic
2918	851	0	Trammel	Leon
2531	581	0	Trammel	Andros


