# Bad spawns : 7/8/2018 1:27:25 PM
# Format: X Y Z F Name

663	635	4	Malas	ElmhavenLeatherWorker


# Bad spawns : 7/12/2018 12:24:08 AM
# Format: X Y Z F Name

1511	549	11	Ilshenar	TombOfEnlightenment


# Bad spawns : 7/12/2018 2:33:09 AM
# Format: X Y Z F Name

1511	549	11	Ilshenar	TombOfEnlightenment


# Bad spawns : 7/12/2018 2:44:06 AM
# Format: X Y Z F Name

1511	549	11	Ilshenar	TombOfEnlightenment


# Bad spawns : 7/12/2018 3:40:28 AM
# Format: X Y Z F Name

1511	549	11	Ilshenar	TombOfEnlightenment


# Bad spawns : 7/12/2018 4:26:16 AM
# Format: X Y Z F Name

1511	549	11	Ilshenar	TombOfEnlightenment


# Bad spawns : 7/12/2018 5:54:57 AM
# Format: X Y Z F Name

1511	549	11	Ilshenar	TombOfEnlightenment


# Bad spawns : 7/12/2018 6:10:08 AM
# Format: X Y Z F Name

1511	549	11	Ilshenar	TombOfEnlightenment


# Bad spawns : 9/2/2018 10:31:56 AM
# Format: X Y Z F Name

1211	1036	10	Malas	HammerhillTavernKeeper


# Bad spawns : 9/21/2019 2:30:46 AM
# Format: X Y Z F Name

1212	1177	0	Malas	HammerhillFarmer


# Bad spawns : 9/21/2019 2:44:17 AM
# Format: X Y Z F Name

1212	1177	0	Malas	HammerhillFarmer


# Bad spawns : 10/14/2019 8:48:58 AM
# Format: X Y Z F Name

1318	1240	6	Malas	HuntersShortbow
565	748	72	Malas	SturdyVineStaff


